<html>
<head>
<title>TestNG:  Module1</title>
<link href="../testng.css" rel="stylesheet" type="text/css" />
<link href="../my-testng.css" rel="stylesheet" type="text/css" />

<style type="text/css">
.log { display: none;} 
.stack-trace { display: none;} 
</style>
<script type="text/javascript">
<!--
function flip(e) {
  current = e.style.display;
  if (current == 'block') {
    e.style.display = 'none';
    return 0;
  }
  else {
    e.style.display = 'block';
    return 1;
  }
}

function toggleBox(szDivId, elem, msg1, msg2)
{
  var res = -1;  if (document.getElementById) {
    res = flip(document.getElementById(szDivId));
  }
  else if (document.all) {
    // this is the way old msie versions work
    res = flip(document.all[szDivId]);
  }
  if(elem) {
    if(res == 0) elem.innerHTML = msg1; else elem.innerHTML = msg2;
  }

}

function toggleAllBoxes() {
  if (document.getElementsByTagName) {
    d = document.getElementsByTagName('div');
    for (i = 0; i < d.length; i++) {
      if (d[i].className == 'log') {
        flip(d[i]);
      }
    }
  }
}

// -->
</script>

</head>
<body>
<h2 align='center'>Module1</h2><table border='1' align="center">
<tr>
<td>Tests passed/Failed/Skipped:</td><td>12/1/0</td>
</tr><tr>
<td>Started on:</td><td>Fri Jul 07 20:44:17 IST 2023</td>
</tr>
<tr><td>Total time:</td><td>121 seconds (121845 ms)</td>
</tr><tr>
<td>Included groups:</td><td>adv practice basic exer </td>
</tr><tr>
<td>Excluded groups:</td><td></td>
</tr>
</table><p/>
<small><i>(Hover the method name to see the test class name)</i></small><p/>
<table width='100%' border='1' class='invocation-failed'>
<tr><td colspan='4' align='center'><b>FAILED TESTS</b></td></tr>
<tr><td><b>Test method</b></td>
<td><b>Attribute(s)</b></td>
<td width="30%"><b>Exception</b></td>
<td width="10%"><b>Time (seconds)</b></td>
<td><b>Instance</b></td>
</tr>
<tr>
<td title='Practice_Programs.B24TestForm.testcase1()'><b>testcase1</b><br>Test class: Practice_Programs.B24TestForm</td>
<td><div><pre>java.lang.AssertionError:   Middle name field is missing  Cycling is missing  expected [true] but found [false]
	at Practice_Programs.B24TestForm.testcase1(B24TestForm.java:233)
	at java.base/java.util.ArrayList.forEach(ArrayList.java:1541)
... Removed 30 stack frames</pre></div><a href='#' onClick='toggleBox("stack-trace2113328739", this, "Click to show all stack frames", "Click to hide stack frames")'>Click to show all stack frames</a>
<div class='stack-trace' id='stack-trace2113328739'><pre>java.lang.AssertionError:   Middle name field is missing  Cycling is missing  expected [true] but found [false]
	at org.testng.Assert.fail(Assert.java:111)
	at org.testng.Assert.failNotEquals(Assert.java:1578)
	at org.testng.Assert.assertTrue(Assert.java:57)
	at Practice_Programs.B24TestForm.testcase1(B24TestForm.java:233)
	at java.base/jdk.internal.reflect.NativeMethodAccessorImpl.invoke0(Native Method)
	at java.base/jdk.internal.reflect.NativeMethodAccessorImpl.invoke(NativeMethodAccessorImpl.java:62)
	at java.base/jdk.internal.reflect.DelegatingMethodAccessorImpl.invoke(DelegatingMethodAccessorImpl.java:43)
	at java.base/java.lang.reflect.Method.invoke(Method.java:566)
	at org.testng.internal.invokers.MethodInvocationHelper.invokeMethod(MethodInvocationHelper.java:139)
	at org.testng.internal.invokers.TestInvoker.invokeMethod(TestInvoker.java:664)
	at org.testng.internal.invokers.TestInvoker.invokeTestMethod(TestInvoker.java:227)
	at org.testng.internal.invokers.MethodRunner.runInSequence(MethodRunner.java:50)
	at org.testng.internal.invokers.TestInvoker$MethodInvocationAgent.invoke(TestInvoker.java:957)
	at org.testng.internal.invokers.TestInvoker.invokeTestMethods(TestInvoker.java:200)
	at org.testng.internal.invokers.TestMethodWorker.invokeTestMethods(TestMethodWorker.java:148)
	at org.testng.internal.invokers.TestMethodWorker.run(TestMethodWorker.java:128)
	at java.base/java.util.ArrayList.forEach(ArrayList.java:1541)
	at org.testng.TestRunner.privateRun(TestRunner.java:848)
	at org.testng.TestRunner.run(TestRunner.java:621)
	at org.testng.SuiteRunner.runTest(SuiteRunner.java:443)
	at org.testng.SuiteRunner.runSequentially(SuiteRunner.java:437)
	at org.testng.SuiteRunner.privateRun(SuiteRunner.java:397)
	at org.testng.SuiteRunner.run(SuiteRunner.java:336)
	at org.testng.SuiteRunnerWorker.runSuite(SuiteRunnerWorker.java:52)
	at org.testng.SuiteRunnerWorker.run(SuiteRunnerWorker.java:95)
	at org.testng.TestNG.runSuitesSequentially(TestNG.java:1280)
	at org.testng.TestNG.runSuitesLocally(TestNG.java:1200)
	at org.testng.TestNG.runSuites(TestNG.java:1114)
	at org.testng.TestNG.run(TestNG.java:1082)
	at org.testng.remote.AbstractRemoteTestNG.run(AbstractRemoteTestNG.java:115)
	at org.testng.remote.RemoteTestNG.initAndRun(RemoteTestNG.java:251)
	at org.testng.remote.RemoteTestNG.main(RemoteTestNG.java:77)
</pre></div></td>
<td>30</td>
<td>Practice_Programs.B24TestForm@2dfaea86</td></tr>
</table><p>
<table width='100%' border='1' class='invocation-passed'>
<tr><td colspan='4' align='center'><b>PASSED TESTS</b></td></tr>
<tr><td><b>Test method</b></td>
<td><b>Attribute(s)</b></td>
<td width="30%"><b>Exception</b></td>
<td width="10%"><b>Time (seconds)</b></td>
<td><b>Instance</b></td>
</tr>
<tr>
<td title='basic.SeliniumTest_Firefox.testCase1()'><b>testCase1</b><br>Test class: basic.SeliniumTest_Firefox</td>
<td></td>
<td>4</td>
<td>basic.SeliniumTest_Firefox@4b8d604b</td></tr>
<tr>
<td title='Practice_Programs.B24SkillTestCase.TestCase1()'><b>TestCase1</b><br>Test class: Practice_Programs.B24SkillTestCase</td>
<td></td>
<td>5</td>
<td>Practice_Programs.B24SkillTestCase@15888343</td></tr>
<tr>
<td title='exercise.AlertBoxTest.TestCase3()'><b>TestCase3</b><br>Test class: exercise.AlertBoxTest</td>
<td></td>
<td>14</td>
<td>exercise.AlertBoxTest@5e7cd6cc</td></tr>
<tr>
<td title='basic.MyDragandDrop.Test()'><b>Test</b><br>Test class: basic.MyDragandDrop</td>
<td></td>
<td>3</td>
<td>basic.MyDragandDrop@5b7a7f33</td></tr>
<tr>
<td title='basic.MyFileAttachment.TestCase2()'><b>TestCase2</b><br>Test class: basic.MyFileAttachment</td>
<td></td>
<td>3</td>
<td>basic.MyFileAttachment@790da477</td></tr>
<tr>
<td title='advanced.MyTableGridAuto.testAlert()'><b>testAlert</b><br>Test class: advanced.MyTableGridAuto</td>
<td></td>
<td>19</td>
<td>advanced.MyTableGridAuto@6f204a1a</td></tr>
<tr>
<td title='basic.SeliniumTest_Edge.testCase1()'><b>testCase1</b><br>Test class: basic.SeliniumTest_Edge</td>
<td></td>
<td>4</td>
<td>basic.SeliniumTest_Edge@5fb759d6</td></tr>
<tr>
<td title='advanced.MyShifttabDemo.Test()'><b>Test</b><br>Test class: advanced.MyShifttabDemo</td>
<td></td>
<td>2</td>
<td>advanced.MyShifttabDemo@38467116</td></tr>
<tr>
<td title='basic.SeliniumTest_Chrome.testCase1()'><b>testCase1</b><br>Test class: basic.SeliniumTest_Chrome</td>
<td></td>
<td>2</td>
<td>basic.SeliniumTest_Chrome@57bc27f5</td></tr>
<tr>
<td title='exercise.SkillTest2.TestCase2()'><b>TestCase2</b><br>Test class: exercise.SkillTest2</td>
<td></td>
<td>4</td>
<td>exercise.SkillTest2@d554c5f</td></tr>
<tr>
<td title='basic.MyFileDownloadChrome.myDownload()'><b>myDownload</b><br>Test class: basic.MyFileDownloadChrome</td>
<td></td>
<td>20</td>
<td>basic.MyFileDownloadChrome@5c7933ad</td></tr>
<tr>
<td title='exercise.SkillsTestCase.TestCase1()'><b>TestCase1</b><br>Test class: exercise.SkillsTestCase</td>
<td></td>
<td>6</td>
<td>exercise.SkillsTestCase@68c9d179</td></tr>
</table><p>
</body>
</html>